<?xml version="1.0" encoding="UTF-8"?>
<!-- Generated by org.testng.reporters.JUnitXMLReporter -->
<testsuite ignored="0" hostname="LAPTOP-PK0JMVR3" failures="1" tests="3" name="TestOnChrome" time="17.351" errors="0" timestamp="2021-12-03T17:41:49 IST">
  <testcase classname="com.ipj.tests.TC_VerifyValidUsers" name="VerifyValidUsers" time="2.156">
    <failure type="java.lang.AssertionError" message="expected [true] but found [false]">
      <![CDATA[java.lang.AssertionError: expected [true] but found [false]
at com.ipj.tests.TC_VerifyValidUsers.VerifyValidUsers(TC_VerifyValidUsers.java:46)
at java.base/java.util.concurrent.FutureTask.run(FutureTask.java:264)
at java.base/java.util.concurrent.Executors$RunnableAdapter.call(Executors.java:515)
at java.base/java.util.concurrent.FutureTask.run(FutureTask.java:264)
at java.base/java.util.concurrent.ThreadPoolExecutor.runWorker(ThreadPoolExecutor.java:1130)
at java.base/java.util.concurrent.ThreadPoolExecutor$Worker.run(ThreadPoolExecutor.java:630)
at java.base/java.lang.Thread.run(Thread.java:831)
... Removed 13 stack frames]]>
    </failure>
  </testcase> <!-- VerifyValidUsers -->
  <testcase classname="com.ipj.tests.TC_VerifyValidUsers" name="VerifyValidUsers" time="2.116"/>
  <testcase classname="com.ipj.tests.TC_VerifyValidUsers" name="VerifyValidUsers" time="6.421"/>
</testsuite> <!-- TestOnChrome -->
